0 info it worked if it ends with ok
1 verbose cli [ 'C:\\Program Files\\nodejs\\node.exe',
1 verbose cli   'C:\\Program Files\\nodejs\\node_modules\\npm\\bin\\npm-cli.js',
1 verbose cli   'install',
1 verbose cli   '--save',
1 verbose cli   'multer' ]
2 info using npm@3.10.3
3 info using node@v6.6.0
4 silly loadCurrentTree Starting
5 silly install loadCurrentTree
6 silly install readLocalPackageData
7 silly fetchPackageMetaData multer@^1.2.0
8 silly fetchNamedPackageData multer
9 silly mapToRegistry name multer
10 silly mapToRegistry using default registry
11 silly mapToRegistry registry https://registry.npmjs.org/
12 silly mapToRegistry data Result {
12 silly mapToRegistry   raw: 'multer',
12 silly mapToRegistry   scope: null,
12 silly mapToRegistry   escapedName: 'multer',
12 silly mapToRegistry   name: 'multer',
12 silly mapToRegistry   rawSpec: '',
12 silly mapToRegistry   spec: 'latest',
12 silly mapToRegistry   type: 'tag' }
13 silly mapToRegistry uri https://registry.npmjs.org/multer
14 verbose request uri https://registry.npmjs.org/multer
15 verbose request no auth needed
16 info attempt registry request try #1 at 14:46:01
17 verbose request id 762f1315b13a1d9f
18 verbose etag "8GISBHXSY7M9XCXZIS4WUR1OG"
19 http request GET https://registry.npmjs.org/multer
20 http 304 https://registry.npmjs.org/multer
21 verbose headers { date: 'Wed, 28 Sep 2016 06:45:19 GMT',
21 verbose headers   via: '1.1 varnish',
21 verbose headers   'cache-control': 'max-age=300',
21 verbose headers   etag: '"8GISBHXSY7M9XCXZIS4WUR1OG"',
21 verbose headers   age: '292',
21 verbose headers   connection: 'keep-alive',
21 verbose headers   'x-served-by': 'cache-hkg6826-HKG',
21 verbose headers   'x-cache': 'HIT',
21 verbose headers   'x-cache-hits': '1',
21 verbose headers   'x-timer': 'S1475045119.783213,VS0,VE0',
21 verbose headers   vary: 'Accept-Encoding' }
22 silly get cb [ 304,
22 silly get   { date: 'Wed, 28 Sep 2016 06:45:19 GMT',
22 silly get     via: '1.1 varnish',
22 silly get     'cache-control': 'max-age=300',
22 silly get     etag: '"8GISBHXSY7M9XCXZIS4WUR1OG"',
22 silly get     age: '292',
22 silly get     connection: 'keep-alive',
22 silly get     'x-served-by': 'cache-hkg6826-HKG',
22 silly get     'x-cache': 'HIT',
22 silly get     'x-cache-hits': '1',
22 silly get     'x-timer': 'S1475045119.783213,VS0,VE0',
22 silly get     vary: 'Accept-Encoding' } ]
23 verbose etag https://registry.npmjs.org/multer from cache
24 verbose get saving multer to C:\Users\Administrator\AppData\Roaming\npm-cache\registry.npmjs.org\multer\.cache.json
25 verbose correctMkdir C:\Users\Administrator\AppData\Roaming\npm-cache correctMkdir not in flight; initializing
26 silly install normalizeTree
27 silly loadCurrentTree Finishing
28 silly loadIdealTree Starting
29 silly install loadIdealTree
30 silly cloneCurrentTree Starting
31 silly install cloneCurrentTreeToIdealTree
32 silly cloneCurrentTree Finishing
33 silly loadShrinkwrap Starting
34 silly install loadShrinkwrap
35 silly loadShrinkwrap Finishing
36 silly loadAllDepsIntoIdealTree Starting
37 silly install loadAllDepsIntoIdealTree
38 silly rollbackFailedOptional Starting
39 silly rollbackFailedOptional Finishing
40 silly runTopLevelLifecycles Starting
41 silly runTopLevelLifecycles Finishing
42 silly install printInstalled
43 verbose stack Error: Refusing to install multer as a dependency of itself
43 verbose stack     at checkSelf (C:\Program Files\nodejs\node_modules\npm\lib\install\validate-args.js:53:14)
43 verbose stack     at Array.<anonymous> (C:\Program Files\nodejs\node_modules\npm\node_modules\slide\lib\bind-actor.js:15:8)
43 verbose stack     at LOOP (C:\Program Files\nodejs\node_modules\npm\node_modules\slide\lib\chain.js:15:14)
43 verbose stack     at chain (C:\Program Files\nodejs\node_modules\npm\node_modules\slide\lib\chain.js:20:5)
43 verbose stack     at C:\Program Files\nodejs\node_modules\npm\lib\install\validate-args.js:16:5
43 verbose stack     at C:\Program Files\nodejs\node_modules\npm\node_modules\slide\lib\async-map.js:52:35
43 verbose stack     at Array.forEach (native)
43 verbose stack     at C:\Program Files\nodejs\node_modules\npm\node_modules\slide\lib\async-map.js:52:11
43 verbose stack     at Array.forEach (native)
43 verbose stack     at asyncMap (C:\Program Files\nodejs\node_modules\npm\node_modules\slide\lib\async-map.js:51:8)
44 verbose cwd C:\Users\Administrator\Desktop\第二阶段\第二十三天jQueryAJax\001
45 error Windows_NT 6.1.7601
46 error argv "C:\\Program Files\\nodejs\\node.exe" "C:\\Program Files\\nodejs\\node_modules\\npm\\bin\\npm-cli.js" "install" "--save" "multer"
47 error node v6.6.0
48 error npm  v3.10.3
49 error code ENOSELF
50 error Refusing to install multer as a dependency of itself
51 error If you need help, you may report this error at:
51 error     <https://github.com/npm/npm/issues>
52 verbose exit [ 1, true ]
